"is_built_exec_reflow" "true"
"built_exec_reflow" "/home/niki/projects/ocaml/violin/_build/reflow"
"is_built_lib_utils" "true"
"built_lib_utils" "/home/niki/projects/ocaml/violin/_build/utils.cma"
"built_lib_utils" "/home/niki/projects/ocaml/violin/_build/utils.cmxa"
"built_lib_utils" "/home/niki/projects/ocaml/violin/_build/utils.a"
"built_lib_utils" "/home/niki/projects/ocaml/violin/_build/utils.cmi"
"built_lib_utils" "/home/niki/projects/ocaml/violin/_build/notes.cmi"
"is_built_lib_notes" "true"
"built_lib_notes" "/home/niki/projects/ocaml/violin/_build/notes.cma"
"built_lib_notes" "/home/niki/projects/ocaml/violin/_build/notes.cmxa"
"built_lib_notes" "/home/niki/projects/ocaml/violin/_build/notes.a"
"built_lib_notes" "/home/niki/projects/ocaml/violin/_build/notes.cmi"
"is_built_lib_wav" "true"
"built_lib_wav" "/home/niki/projects/ocaml/violin/_build/wav.cma"
"built_lib_wav" "/home/niki/projects/ocaml/violin/_build/wav.cmxa"
"built_lib_wav" "/home/niki/projects/ocaml/violin/_build/wav.a"
"built_lib_wav" "/home/niki/projects/ocaml/violin/_build/wav.cmi"
"is_built_exec_violin" "true"
"built_exec_violin" "/home/niki/projects/ocaml/violin/_build/violin"
"is_built_lib_wav" "true"
"built_lib_wav" "/home/niki/projects/ocaml/violin/_build/wav.cma"
"built_lib_wav" "/home/niki/projects/ocaml/violin/_build/wav.cmxa"
"built_lib_wav" "/home/niki/projects/ocaml/violin/_build/wav.a"
"built_lib_wav" "/home/niki/projects/ocaml/violin/_build/wav.cmi"
"is_built_exec_violin" "true"
"built_exec_violin" "/home/niki/projects/ocaml/violin/_build/violin"
"is_built_lib_wav" "true"
"built_lib_wav" "/home/niki/projects/ocaml/violin/_build/wav.cma"
"built_lib_wav" "/home/niki/projects/ocaml/violin/_build/wav.cmxa"
"built_lib_wav" "/home/niki/projects/ocaml/violin/_build/wav.a"
"built_lib_wav" "/home/niki/projects/ocaml/violin/_build/wav.cmi"
"is_built_exec_violin" "true"
"built_exec_violin" "/home/niki/projects/ocaml/violin/_build/violin"
"is_built_exec_violin" "true"
"built_exec_violin" "/home/niki/projects/ocaml/violin/_build/violin"
"is_built_exec_violin_cli" "true"
"built_exec_violin_cli" "/home/niki/projects/ocaml/violin/_build/violin_cli"
"is_built_exec_violin" "true"
"built_exec_violin" "/home/niki/projects/ocaml/violin/_build/violin"
"is_built_exec_violin_cli" "true"
"built_exec_violin_cli" "/home/niki/projects/ocaml/violin/_build/violin_cli"
"is_built_exec_violin" "true"
"built_exec_violin" "/home/niki/projects/ocaml/violin/_build/violin"
"is_built_exec_violin_cli" "true"
"built_exec_violin_cli" "/home/niki/projects/ocaml/violin/_build/violin_cli"
"is_built_exec_violin" "true"
"built_exec_violin" "/home/niki/projects/ocaml/violin/_build/violin"
"is_built_exec_violin" "true"
"built_exec_violin" "/home/niki/projects/ocaml/violin/_build/violin"
"is_built_exec_violin_cli" "true"
"built_exec_violin_cli" "/home/niki/projects/ocaml/violin/_build/violin_cli"
"is_built_exec_violin" "true"
"built_exec_violin" "/home/niki/projects/ocaml/violin/_build/violin"
"is_built_exec_violin_cli" "true"
"built_exec_violin_cli" "/home/niki/projects/ocaml/violin/_build/violin_cli"
"is_built_exec_violin" "true"
"built_exec_violin" "/home/niki/projects/ocaml/violin/_build/violin"
"is_built_exec_violin_cli" "true"
"built_exec_violin_cli" "/home/niki/projects/ocaml/violin/_build/violin_cli"
"is_built_exec_violin" "true"
"built_exec_violin" "/home/niki/projects/ocaml/violin/_build/violin"
"is_built_exec_violin_cli" "true"
"built_exec_violin_cli" "/home/niki/projects/ocaml/violin/_build/violin_cli"
"is_built_exec_violin" "true"
"built_exec_violin" "/home/niki/projects/ocaml/violin/_build/violin"
"is_built_exec_violin_cli" "true"
"built_exec_violin_cli" "/home/niki/projects/ocaml/violin/_build/violin_cli"
"is_built_exec_violin" "true"
"built_exec_violin" "/home/niki/projects/ocaml/violin/_build/violin"
"is_built_exec_violin_cli" "true"
"built_exec_violin_cli" "/home/niki/projects/ocaml/violin/_build/violin_cli"
"is_built_exec_violin" "true"
"built_exec_violin" "/home/niki/projects/ocaml/violin/_build/violin"
"is_built_exec_violin_cli" "true"
"built_exec_violin_cli" "/home/niki/projects/ocaml/violin/_build/violin_cli"
"is_built_exec_violin" "true"
"built_exec_violin" "/home/niki/projects/ocaml/violin/_build/violin"
"is_built_exec_violin_cli" "true"
"built_exec_violin_cli" "/home/niki/projects/ocaml/violin/_build/violin_cli"
"is_built_exec_violin" "true"
"built_exec_violin" "/home/niki/projects/ocaml/violin/_build/violin"
"is_built_exec_violin_cli" "true"
"built_exec_violin_cli" "/home/niki/projects/ocaml/violin/_build/violin_cli"
"is_built_exec_violin" "true"
"built_exec_violin" "/home/niki/projects/ocaml/violin/_build/violin"
"is_built_exec_violin_cli" "true"
"built_exec_violin_cli" "/home/niki/projects/ocaml/violin/_build/violin_cli"
"is_built_exec_violin" "true"
"built_exec_violin" "/home/niki/projects/ocaml/violin/_build/violin"
"is_built_exec_violin_cli" "true"
"built_exec_violin_cli" "/home/niki/projects/ocaml/violin/_build/violin_cli"
"is_built_exec_violin" "true"
"built_exec_violin" "/home/niki/projects/ocaml/violin/_build/violin"
"is_built_exec_violin_cli" "true"
"built_exec_violin_cli" "/home/niki/projects/ocaml/violin/_build/violin_cli"
"is_built_exec_violin" "true"
"built_exec_violin" "/home/niki/projects/ocaml/violin/_build/violin"
"is_built_exec_violin_cli" "true"
"built_exec_violin_cli" "/home/niki/projects/ocaml/violin/_build/violin_cli"
"is_built_exec_violin" "true"
"built_exec_violin" "/home/niki/projects/ocaml/violin/_build/violin"
"is_built_exec_violin_cli" "true"
"built_exec_violin_cli" "/home/niki/projects/ocaml/violin/_build/violin_cli"
"is_built_exec_violin" "true"
"built_exec_violin" "/home/niki/projects/ocaml/violin/_build/violin"
"is_built_exec_violin_cli" "true"
"built_exec_violin_cli" "/home/niki/projects/ocaml/violin/_build/violin_cli"
"is_built_exec_violin" "true"
"built_exec_violin" "/home/niki/projects/ocaml/violin/_build/violin"
"is_built_exec_violin_cli" "true"
"built_exec_violin_cli" "/home/niki/projects/ocaml/violin/_build/violin_cli"
"is_built_exec_violin" "true"
"built_exec_violin" "/home/niki/projects/ocaml/violin/_build/violin"
"is_built_exec_violin_cli" "true"
"built_exec_violin_cli" "/home/niki/projects/ocaml/violin/_build/violin_cli"
"is_built_exec_violin" "true"
"built_exec_violin" "/home/niki/projects/ocaml/violin/_build/violin"
"is_built_exec_violin_cli" "true"
"built_exec_violin_cli" "/home/niki/projects/ocaml/violin/_build/violin_cli"
"is_built_exec_violin" "true"
"built_exec_violin" "/home/niki/projects/ocaml/violin/_build/violin"
"is_built_exec_violin" "true"
"built_exec_violin" "/home/niki/projects/ocaml/violin/_build/violin"
"is_built_exec_violin" "true"
"built_exec_violin" "/home/niki/projects/ocaml/violin/_build/violin"
"is_built_exec_violin" "true"
"built_exec_violin" "/home/niki/projects/ocaml/violin/_build/violin"
"is_built_exec_violin_cli" "true"
"built_exec_violin_cli" "/home/niki/projects/ocaml/violin/_build/violin_cli"
"is_built_exec_violin" "true"
"built_exec_violin" "/home/niki/projects/ocaml/violin/_build/violin"
"is_built_exec_violin" "true"
"built_exec_violin" "/home/niki/projects/ocaml/violin/_build/violin"
"is_built_exec_violin_cli" "true"
"built_exec_violin_cli" "/home/niki/projects/ocaml/violin/_build/violin_cli"
"is_built_exec_violin" "true"
"built_exec_violin" "/home/niki/projects/ocaml/violin/_build/violin"
"is_built_exec_violin" "true"
"built_exec_violin" "/home/niki/projects/ocaml/violin/_build/violin"
"is_built_exec_violin" "true"
"built_exec_violin" "/home/niki/projects/ocaml/violin/_build/violin"
"is_built_exec_violin" "true"
"built_exec_violin" "/home/niki/projects/ocaml/violin/_build/violin"
"is_built_exec_violin" "true"
"built_exec_violin" "/home/niki/projects/ocaml/violin/_build/violin"
"is_built_exec_violin" "true"
"built_exec_violin" "/home/niki/projects/ocaml/violin/_build/violin"
"is_built_exec_violin" "true"
"built_exec_violin" "/home/niki/projects/ocaml/violin/_build/violin"
"is_built_exec_violin" "true"
"built_exec_violin" "/home/niki/projects/ocaml/violin/_build/violin"
"is_built_exec_violin" "true"
"built_exec_violin" "/home/niki/projects/ocaml/violin/_build/violin"
"is_built_exec_violin" "true"
"built_exec_violin" "/home/niki/projects/ocaml/violin/_build/violin"
"is_built_exec_violin" "true"
"built_exec_violin" "/home/niki/projects/ocaml/violin/_build/violin"
"is_built_exec_violin" "true"
"built_exec_violin" "/home/niki/projects/ocaml/violin/_build/violin"
"is_built_exec_violin" "true"
"built_exec_violin" "/home/niki/projects/ocaml/violin/_build/violin"
"is_built_exec_violin" "true"
"built_exec_violin" "/home/niki/projects/ocaml/violin/_build/violin"
"is_built_exec_violin" "true"
"built_exec_violin" "/home/niki/projects/ocaml/violin/_build/violin"
"is_built_exec_violin" "true"
"built_exec_violin" "/home/niki/projects/ocaml/violin/_build/violin"
"is_built_exec_violin" "true"
"built_exec_violin" "/home/niki/projects/ocaml/violin/_build/violin"
"is_built_exec_violin" "true"
"built_exec_violin" "/home/niki/projects/ocaml/violin/_build/violin"
"is_built_exec_violin" "true"
"built_exec_violin" "/home/niki/projects/ocaml/violin/_build/violin"
"is_built_exec_violin" "true"
"built_exec_violin" "/home/niki/projects/ocaml/violin/_build/violin"
"is_built_exec_violin" "true"
"built_exec_violin" "/home/niki/projects/ocaml/violin/_build/violin"
"is_built_exec_violin" "true"
"built_exec_violin" "/home/niki/projects/ocaml/violin/_build/violin"
"is_built_exec_violin" "true"
"built_exec_violin" "/home/niki/projects/ocaml/violin/_build/violin"
"is_built_exec_violin" "true"
"built_exec_violin" "/home/niki/projects/ocaml/violin/_build/violin"
"is_built_exec_violin" "true"
"built_exec_violin" "/home/niki/projects/ocaml/violin/_build/violin"
"is_built_exec_violin" "true"
"built_exec_violin" "/home/niki/projects/ocaml/violin/_build/violin"
"is_built_exec_violin" "true"
"built_exec_violin" "/home/niki/projects/ocaml/violin/_build/violin"
"is_built_exec_violin" "true"
"built_exec_violin" "/home/niki/projects/ocaml/violin/_build/violin"
"is_built_exec_violin" "true"
"built_exec_violin" "/home/niki/projects/ocaml/violin/_build/violin"
"is_built_exec_violin" "true"
"built_exec_violin" "/home/niki/projects/ocaml/violin/_build/violin"
"is_built_exec_violin" "true"
"built_exec_violin" "/home/niki/projects/ocaml/violin/_build/violin"
"is_built_exec_violin" "true"
"built_exec_violin" "/home/niki/projects/ocaml/violin/_build/violin"
"is_built_exec_violin" "true"
"built_exec_violin" "/home/niki/projects/ocaml/violin/_build/violin"
"is_built_exec_violin" "true"
"built_exec_violin" "/home/niki/projects/ocaml/violin/_build/violin"
"is_built_exec_violin" "true"
"built_exec_violin" "/home/niki/projects/ocaml/violin/_build/violin"
"is_built_exec_violin" "true"
"built_exec_violin" "/home/niki/projects/ocaml/violin/_build/violin"
"is_built_exec_violin" "true"
"built_exec_violin" "/home/niki/projects/ocaml/violin/_build/violin"
"is_built_exec_violin" "true"
"built_exec_violin" "/home/niki/projects/ocaml/violin/_build/violin"
"is_built_exec_violin" "true"
"built_exec_violin" "/home/niki/projects/ocaml/violin/_build/violin"
"is_built_exec_violin" "true"
"built_exec_violin" "/home/niki/projects/ocaml/violin/_build/violin"
"is_built_exec_violin" "true"
"built_exec_violin" "/home/niki/projects/ocaml/violin/_build/violin"
"is_built_exec_violin" "true"
"built_exec_violin" "/home/niki/projects/ocaml/violin/_build/violin"
"is_built_exec_violin" "true"
"built_exec_violin" "/home/niki/projects/ocaml/violin/_build/violin"
"is_built_exec_violin" "true"
"built_exec_violin" "/home/niki/projects/ocaml/violin/_build/violin"
"is_built_exec_violin" "true"
"built_exec_violin" "/home/niki/projects/ocaml/violin/_build/violin"
"is_built_exec_violin" "true"
"built_exec_violin" "/home/niki/projects/ocaml/violin/_build/violin"
"is_built_exec_violin" "true"
"built_exec_violin" "/home/niki/projects/ocaml/violin/_build/violin"
"is_built_exec_violin" "true"
"built_exec_violin" "/home/niki/projects/ocaml/violin/_build/violin"
"is_built_exec_violin" "true"
"built_exec_violin" "/home/niki/projects/ocaml/violin/_build/violin"
"is_built_exec_violin" "true"
"built_exec_violin" "/home/niki/projects/ocaml/violin/_build/violin"
"is_built_exec_violin" "true"
"built_exec_violin" "/home/niki/projects/ocaml/violin/_build/violin"
